<?xml version="1.0" encoding="UTF-8"?>
<testsuite xmlns:xsi="http://www.w3.org/2001/XMLSchema-instance" xsi:noNamespaceSchemaLocation="https://maven.apache.org/surefire/maven-surefire-plugin/xsd/surefire-test-report.xsd" name="com.ashitha.nashtechhomework.samplepatterncall.PatternCallHandlerTest" time="0" tests="8" errors="0" skipped="0" failures="0">
  <properties>
    <property name="java.specification.version" value="20"/>
    <property name="sun.cpu.isalist" value="amd64"/>
    <property name="sun.jnu.encoding" value="Cp1252"/>
    <property name="java.class.path" value="C:\Users\ashit\eclipse-workspace\samplepatterncall\target\test-classes;C:\Users\ashit\eclipse-workspace\samplepatterncall\target\classes;C:\Users\ashit\.m2\repository\junit\junit\4.11\junit-4.11.jar;C:\Users\ashit\.m2\repository\org\hamcrest\hamcrest-core\1.3\hamcrest-core-1.3.jar;"/>
    <property name="java.vm.vendor" value="Oracle Corporation"/>
    <property name="sun.arch.data.model" value="64"/>
    <property name="user.variant" value=""/>
    <property name="java.vendor.url" value="https://java.oracle.com/"/>
    <property name="user.timezone" value="Europe/Berlin"/>
    <property name="user.country.format" value="DE"/>
    <property name="os.name" value="Windows 11"/>
    <property name="java.vm.specification.version" value="20"/>
    <property name="sun.java.launcher" value="SUN_STANDARD"/>
    <property name="user.country" value="US"/>
    <property name="sun.boot.library.path" value="C:\Program Files\Java\jdk-20\bin"/>
    <property name="sun.java.command" value="C:\Users\ashit\AppData\Local\Temp\surefire17527835586953444471\surefirebooter7035561565037196856.jar C:\Users\ashit\AppData\Local\Temp\surefire17527835586953444471 2023-10-02T11-46-13_532-jvmRun1 surefire7307216180381990939tmp surefire_014648818139241448908tmp"/>
    <property name="jdk.debug" value="release"/>
    <property name="surefire.test.class.path" value="C:\Users\ashit\eclipse-workspace\samplepatterncall\target\test-classes;C:\Users\ashit\eclipse-workspace\samplepatterncall\target\classes;C:\Users\ashit\.m2\repository\junit\junit\4.11\junit-4.11.jar;C:\Users\ashit\.m2\repository\org\hamcrest\hamcrest-core\1.3\hamcrest-core-1.3.jar;"/>
    <property name="sun.cpu.endian" value="little"/>
    <property name="user.home" value="C:\Users\ashit"/>
    <property name="user.language" value="en"/>
    <property name="java.specification.vendor" value="Oracle Corporation"/>
    <property name="java.version.date" value="2023-07-18"/>
    <property name="java.home" value="C:\Program Files\Java\jdk-20"/>
    <property name="file.separator" value="\"/>
    <property name="basedir" value="C:\Users\ashit\eclipse-workspace\samplepatterncall"/>
    <property name="style.color" value="always"/>
    <property name="java.vm.compressedOopsMode" value="Zero based"/>
    <property name="line.separator" value="&#10;"/>
    <property name="java.vm.specification.vendor" value="Oracle Corporation"/>
    <property name="java.specification.name" value="Java Platform API Specification"/>
    <property name="surefire.real.class.path" value="C:\Users\ashit\AppData\Local\Temp\surefire17527835586953444471\surefirebooter7035561565037196856.jar"/>
    <property name="user.script" value=""/>
    <property name="sun.management.compiler" value="HotSpot 64-Bit Tiered Compilers"/>
    <property name="java.runtime.version" value="20.0.2+9-78"/>
    <property name="user.name" value="ashit"/>
    <property name="stdout.encoding" value="Cp1252"/>
    <property name="path.separator" value=";"/>
    <property name="os.version" value="10.0"/>
    <property name="java.runtime.name" value="Java(TM) SE Runtime Environment"/>
    <property name="file.encoding" value="UTF-8"/>
    <property name="java.vm.name" value="Java HotSpot(TM) 64-Bit Server VM"/>
    <property name="localRepository" value="C:\Users\ashit\.m2\repository"/>
    <property name="java.vendor.url.bug" value="https://bugreport.java.com/bugreport/"/>
    <property name="java.io.tmpdir" value="C:\Users\ashit\AppData\Local\Temp\"/>
    <property name="java.version" value="20.0.2"/>
    <property name="user.dir" value="C:\Users\ashit\eclipse-workspace\samplepatterncall"/>
    <property name="os.arch" value="amd64"/>
    <property name="java.vm.specification.name" value="Java Virtual Machine Specification"/>
    <property name="sun.os.patch.level" value=""/>
    <property name="native.encoding" value="Cp1252"/>
    <property name="java.library.path" value="C:\Program Files\Java\jdk-20\bin;C:\Windows\Sun\Java\bin;C:\Windows\system32;C:\Windows;C:\Program Files\Common Files\Oracle\Java\javapath;C:\Windows\system32;C:\Windows;C:\Windows\System32\Wbem;C:\Windows\System32\WindowsPowerShell\v1.0\;C:\Windows\System32\OpenSSH\C:\Program Files\Java\jdk-20\bin;C:\Program Files\MySQL\MySQL Server 8.0\bin;C:\Users\riyas\Downloads\apache-maven-3.9.3\bin;C:\Program Files\nodejs\;C:\ProgramData\chocolatey\bin;C:\apache-tomcat-10\apache-tomcat-10.1.11\bin;C:\apache-tomcat-8\apache-tomcat-8.5.91\bin;C:\Program Files\Java\jdk-20\bin;C:\Program Files\Git\cmd;C:\Users\riyas\Desktop\zzz\ffmpeg-6.0-full_build\bin;C:\Users\ashit\AppData\Local\Programs\Python\Python311\Scripts\;C:\Users\ashit\AppData\Local\Programs\Python\Python311\;C:\Program Files\MySQL\MySQL Shell 8.0\bin\;C:\Users\ashit\AppData\Local\Microsoft\WindowsApps;;C:\Users\ashit\AppData\Local\Programs\Microsoft VS Code\bin;."/>
    <property name="java.vm.info" value="mixed mode, sharing"/>
    <property name="stderr.encoding" value="Cp1252"/>
    <property name="java.vendor" value="Oracle Corporation"/>
    <property name="java.vm.version" value="20.0.2+9-78"/>
    <property name="sun.io.unicode.encoding" value="UnicodeLittle"/>
    <property name="java.class.version" value="64.0"/>
  </properties>
  <testcase name="testGetCalledPatterns" classname="com.ashitha.nashtechhomework.samplepatterncall.PatternCallHandlerTest" time="0"/>
  <testcase name="testGetPatternCallsByName_NoMatch" classname="com.ashitha.nashtechhomework.samplepatterncall.PatternCallHandlerTest" time="0"/>
  <testcase name="testGetPatternCallsByFilePath" classname="com.ashitha.nashtechhomework.samplepatterncall.PatternCallHandlerTest" time="0"/>
  <testcase name="testGetPatternCallById" classname="com.ashitha.nashtechhomework.samplepatterncall.PatternCallHandlerTest" time="0"/>
  <testcase name="testGetSkippedPatterns" classname="com.ashitha.nashtechhomework.samplepatterncall.PatternCallHandlerTest" time="0"/>
  <testcase name="testGetPatternCallsByFilePath_NoMatch" classname="com.ashitha.nashtechhomework.samplepatterncall.PatternCallHandlerTest" time="0"/>
  <testcase name="testGetPatternCallsByName" classname="com.ashitha.nashtechhomework.samplepatterncall.PatternCallHandlerTest" time="0"/>
  <testcase name="testAddPatternCall" classname="com.ashitha.nashtechhomework.samplepatterncall.PatternCallHandlerTest" time="0"/>
</testsuite>